<?xml version="1.0" encoding="UTF-8"?>
<!-- Generated by org.testng.reporters.JUnitReportReporter -->
<testsuite hostname="DayforceZI2qGtx" failures="0" tests="1" name="TestCases.TestCase1" time="35.489" errors="0" timestamp="2025-04-02T02:07:56 PDT" skipped="0">
  <testcase classname="TestCases.TestCase1" name="login1" time="35.489"/>
  <system-out/>
</testsuite> <!-- TestCases.TestCase1 -->
